2017-12-13 at 11:04:54 CST TRACE test.Test 29 main - 123
2017-12-13 at 11:04:54 CST INFO  test.Test 30 main - Hello, World!
2017-12-13 at 11:04:54 CST TRACE test.Test 38 hello - entry
2017-12-13 at 11:04:54 CST ERROR test.Test 40 hello - Did it again!
2017-12-13 at 11:04:54 CST INFO  test.Test 42 hello - 这是info级信息
2017-12-13 at 11:04:54 CST DEBUG test.Test 44 hello - 这是debug级信息
2017-12-13 at 11:04:54 CST WARN  test.Test 46 hello - 这是warn级信息
2017-12-13 at 11:04:54 CST FATAL test.Test 48 hello - 严重错误
2017-12-13 at 11:04:54 CST TRACE test.Test 50 hello - exit
2017-12-13 at 11:04:54 CST ERROR test.Test 33 main - Hello, World!
2017-12-13 at 11:04:54 CST TRACE test.Test 34 main - exit
2017-12-13 at 11:16:53 CST TRACE test.Test 28 main - 123
2017-12-13 at 11:16:53 CST INFO  test.Test 29 main - Hello, World!
2017-12-13 at 11:16:53 CST TRACE test.Test 38 hello - entry
2017-12-13 at 11:16:53 CST ERROR test.Test 39 hello - Did it again!
2017-12-13 at 11:16:53 CST INFO  test.Test 40 hello - 这是info级信息
2017-12-13 at 11:16:53 CST DEBUG test.Test 41 hello - 这是debug级信息
2017-12-13 at 11:16:53 CST WARN  test.Test 42 hello - 这是warn级信息
2017-12-13 at 11:16:53 CST FATAL test.Test 43 hello - 严重错误
2017-12-13 at 11:16:53 CST TRACE test.Test 44 hello - exit
2017-12-13 at 11:16:53 CST ERROR test.Test 32 main - Hello, World!
2017-12-13 at 11:16:53 CST TRACE test.Test 33 main - exit
2017-12-13 at 11:17:40 CST TRACE test.Test 28 main - 123
2017-12-13 at 11:17:40 CST INFO  test.Test 29 main - Hello, World!
2017-12-13 at 11:17:40 CST TRACE test.MyApplication 10 doIt - MyApplication.doIt begin
2017-12-13 at 11:17:40 CST ERROR test.MyApplication 11 doIt - Did it again!
2017-12-13 at 11:17:40 CST TRACE test.MyApplication 12 doIt - MyApplication.doIt end
2017-12-13 at 11:17:40 CST TRACE test.Test 38 hello - entry
2017-12-13 at 11:17:40 CST ERROR test.Test 39 hello - Did it again!
2017-12-13 at 11:17:40 CST INFO  test.Test 40 hello - 这是info级信息
2017-12-13 at 11:17:40 CST DEBUG test.Test 41 hello - 这是debug级信息
2017-12-13 at 11:17:40 CST WARN  test.Test 42 hello - 这是warn级信息
2017-12-13 at 11:17:40 CST FATAL test.Test 43 hello - 严重错误
2017-12-13 at 11:17:40 CST TRACE test.Test 44 hello - exit
2017-12-13 at 11:17:40 CST ERROR test.Test 32 main - Hello, World!
2017-12-13 at 11:17:40 CST TRACE test.Test 33 main - exit
2018-01-04 at 17:24:26 CST TRACE downLoad.TestOne 31 main - 333
2018-01-04 at 17:24:26 CST INFO  downLoad.TestOne 32 main - jishihao
2018-01-04 at 17:24:26 CST ERROR downLoad.TestOne 33 main - Hello, World!
2018-01-04 at 17:24:26 CST TRACE downLoad.TestOne 36 main - exit
2018-01-04 at 17:24:26 CST TRACE downLoad.TestOne 31 main - 333
2018-01-04 at 17:24:26 CST INFO  downLoad.TestOne 32 main - jishihao
2018-01-04 at 17:24:26 CST ERROR downLoad.TestOne 33 main - Hello, World!
2018-01-04 at 17:24:26 CST TRACE downLoad.TestOne 36 main - exit
2018-01-04 at 17:24:26 CST TRACE downLoad.TestOne 31 main - 333
2018-01-04 at 17:24:26 CST INFO  downLoad.TestOne 32 main - jishihao
2018-01-04 at 17:24:26 CST ERROR downLoad.TestOne 33 main - Hello, World!
2018-01-04 at 17:24:26 CST TRACE downLoad.TestOne 36 main - exit
2018-01-04 at 17:24:26 CST TRACE downLoad.TestOne 31 main - 333
2018-01-04 at 17:24:26 CST INFO  downLoad.TestOne 32 main - jishihao
2018-01-04 at 17:24:26 CST ERROR downLoad.TestOne 33 main - Hello, World!
2018-01-04 at 17:24:26 CST TRACE downLoad.TestOne 36 main - exit
2018-01-04 at 17:24:26 CST TRACE downLoad.TestOne 31 main - 333
2018-01-04 at 17:24:26 CST INFO  downLoad.TestOne 32 main - jishihao
2018-01-04 at 17:24:26 CST ERROR downLoad.TestOne 33 main - Hello, World!
2018-01-04 at 17:24:26 CST TRACE downLoad.TestOne 36 main - exit
2018-01-04 at 17:24:26 CST TRACE downLoad.TestOne 31 main - 333
2018-01-04 at 17:24:26 CST INFO  downLoad.TestOne 32 main - jishihao
2018-01-04 at 17:24:26 CST ERROR downLoad.TestOne 33 main - Hello, World!
2018-01-04 at 17:24:26 CST TRACE downLoad.TestOne 36 main - exit
2018-01-04 at 17:24:26 CST TRACE downLoad.TestOne 31 main - 333
2018-01-04 at 17:24:26 CST INFO  downLoad.TestOne 32 main - jishihao
2018-01-04 at 17:24:27 CST ERROR downLoad.TestOne 33 main - Hello, World!
2018-01-04 at 17:24:27 CST TRACE downLoad.TestOne 36 main - exit
2018-01-04 at 17:24:27 CST TRACE downLoad.TestOne 31 main - 333
2018-01-04 at 17:24:27 CST INFO  downLoad.TestOne 32 main - jishihao
2018-01-04 at 17:24:27 CST ERROR downLoad.TestOne 33 main - Hello, World!
2018-01-04 at 17:24:27 CST TRACE downLoad.TestOne 36 main - exit
2018-01-04 at 17:24:27 CST TRACE downLoad.TestOne 31 main - 333
2018-01-04 at 17:24:27 CST INFO  downLoad.TestOne 32 main - jishihao
2018-01-04 at 17:24:27 CST ERROR downLoad.TestOne 33 main - Hello, World!
2018-01-04 at 17:24:27 CST TRACE downLoad.TestOne 36 main - exit
2018-01-04 at 17:24:27 CST TRACE downLoad.TestOne 31 main - 333
2018-01-04 at 17:24:27 CST INFO  downLoad.TestOne 32 main - jishihao
2018-01-04 at 17:24:27 CST ERROR downLoad.TestOne 33 main - Hello, World!
2018-01-04 at 17:24:27 CST TRACE downLoad.TestOne 36 main - exit
2018-01-04 at 17:25:42 CST TRACE downLoad.TestOne 33 main - exit
2018-01-04 at 17:25:42 CST TRACE downLoad.TestOne 33 main - exit
2018-01-04 at 17:25:42 CST TRACE downLoad.TestOne 33 main - exit
2018-01-04 at 17:25:42 CST TRACE downLoad.TestOne 33 main - exit
2018-01-04 at 17:25:42 CST TRACE downLoad.TestOne 33 main - exit
2018-01-04 at 17:25:42 CST TRACE downLoad.TestOne 33 main - exit
2018-01-04 at 17:25:42 CST TRACE downLoad.TestOne 33 main - exit
2018-01-04 at 17:25:42 CST TRACE downLoad.TestOne 33 main - exit
2018-01-04 at 17:25:42 CST TRACE downLoad.TestOne 33 main - exit
2018-01-04 at 17:25:42 CST TRACE downLoad.TestOne 33 main - exit
